<?xml version="1.0" ?>
<coverage version="7.6.12" timestamp="1739784800744" lines-valid="1440" lines-covered="330" line-rate="0.2292" branches-covered="0" branches-valid="0" branch-rate="0" complexity="0">
	<!-- Generated by coverage.py: https://coverage.readthedocs.io/en/7.6.12 -->
	<!-- Based on https://raw.githubusercontent.com/cobertura/web/master/htdocs/xml/coverage-04.dtd -->
	<sources>
		<source>/workspace</source>
	</sources>
	<packages>
		<package name="src.geh_settlement_report" line-rate="1" branch-rate="0" complexity="0">
			<classes>
				<class name="__init__.py" filename="src/geh_settlement_report/__init__.py" complexity="0" line-rate="1" branch-rate="0">
					<methods/>
					<lines>
						<line number="14" hits="1"/>
						<line number="16" hits="1"/>
						<line number="19" hits="1"/>
					</lines>
				</class>
			</classes>
		</package>
		<package name="src.geh_settlement_report.domain" line-rate="1" branch-rate="0" complexity="0">
			<classes>
				<class name="__init__.py" filename="src/geh_settlement_report/domain/__init__.py" complexity="0" line-rate="1" branch-rate="0">
					<methods/>
					<lines/>
				</class>
			</classes>
		</package>
		<package name="src.geh_settlement_report.domain.charge_link_periods" line-rate="0.05263" branch-rate="0" complexity="0">
			<classes>
				<class name="__init__.py" filename="src/geh_settlement_report/domain/charge_link_periods/__init__.py" complexity="0" line-rate="1" branch-rate="0">
					<methods/>
					<lines/>
				</class>
				<class name="charge_link_periods_factory.py" filename="src/geh_settlement_report/domain/charge_link_periods/charge_link_periods_factory.py" complexity="0" line-rate="0" branch-rate="0">
					<methods/>
					<lines>
						<line number="15" hits="0"/>
						<line number="17" hits="0"/>
						<line number="20" hits="0"/>
						<line number="23" hits="0"/>
						<line number="26" hits="0"/>
						<line number="29" hits="0"/>
						<line number="33" hits="0"/>
						<line number="43" hits="0"/>
					</lines>
				</class>
				<class name="order_by_columns.py" filename="src/geh_settlement_report/domain/charge_link_periods/order_by_columns.py" complexity="0" line-rate="0" branch-rate="0">
					<methods/>
					<lines>
						<line number="1" hits="0"/>
						<line number="2" hits="0"/>
						<line number="5" hits="0"/>
						<line number="8" hits="0"/>
						<line number="15" hits="0"/>
						<line number="19" hits="0"/>
						<line number="21" hits="0"/>
					</lines>
				</class>
				<class name="prepare_for_csv.py" filename="src/geh_settlement_report/domain/charge_link_periods/prepare_for_csv.py" complexity="0" line-rate="0" branch-rate="0">
					<methods/>
					<lines>
						<line number="15" hits="0"/>
						<line number="16" hits="0"/>
						<line number="17" hits="0"/>
						<line number="19" hits="0"/>
						<line number="23" hits="0"/>
						<line number="26" hits="0"/>
						<line number="30" hits="0"/>
						<line number="34" hits="0"/>
						<line number="37" hits="0"/>
						<line number="38" hits="0"/>
						<line number="41" hits="0"/>
						<line number="54" hits="0"/>
						<line number="55" hits="0"/>
						<line number="57" hits="0"/>
					</lines>
				</class>
				<class name="read_and_filter.py" filename="src/geh_settlement_report/domain/charge_link_periods/read_and_filter.py" complexity="0" line-rate="0.1071" branch-rate="0">
					<methods/>
					<lines>
						<line number="14" hits="1"/>
						<line number="15" hits="1"/>
						<line number="17" hits="1"/>
						<line number="18" hits="0"/>
						<line number="20" hits="0"/>
						<line number="23" hits="0"/>
						<line number="24" hits="0"/>
						<line number="27" hits="0"/>
						<line number="31" hits="0"/>
						<line number="32" hits="0"/>
						<line number="36" hits="0"/>
						<line number="39" hits="0"/>
						<line number="40" hits="0"/>
						<line number="49" hits="0"/>
						<line number="51" hits="0"/>
						<line number="59" hits="0"/>
						<line number="68" hits="0"/>
						<line number="70" hits="0"/>
						<line number="72" hits="0"/>
						<line number="75" hits="0"/>
						<line number="83" hits="0"/>
						<line number="91" hits="0"/>
						<line number="95" hits="0"/>
						<line number="98" hits="0"/>
						<line number="101" hits="0"/>
						<line number="112" hits="0"/>
						<line number="116" hits="0"/>
						<line number="118" hits="0"/>
					</lines>
				</class>
			</classes>
		</package>
		<package name="src.geh_settlement_report.domain.charge_price_points" line-rate="0.07018" branch-rate="0" complexity="0">
			<classes>
				<class name="__init__.py" filename="src/geh_settlement_report/domain/charge_price_points/__init__.py" complexity="0" line-rate="1" branch-rate="0">
					<methods/>
					<lines/>
				</class>
				<class name="charge_price_points_factory.py" filename="src/geh_settlement_report/domain/charge_price_points/charge_price_points_factory.py" complexity="0" line-rate="0" branch-rate="0">
					<methods/>
					<lines>
						<line number="15" hits="0"/>
						<line number="17" hits="0"/>
						<line number="20" hits="0"/>
						<line number="23" hits="0"/>
						<line number="26" hits="0"/>
						<line number="29" hits="0"/>
						<line number="33" hits="0"/>
						<line number="43" hits="0"/>
					</lines>
				</class>
				<class name="order_by_columns.py" filename="src/geh_settlement_report/domain/charge_price_points/order_by_columns.py" complexity="0" line-rate="0" branch-rate="0">
					<methods/>
					<lines>
						<line number="1" hits="0"/>
						<line number="4" hits="0"/>
						<line number="5" hits="0"/>
					</lines>
				</class>
				<class name="prepare_for_csv.py" filename="src/geh_settlement_report/domain/charge_price_points/prepare_for_csv.py" complexity="0" line-rate="0.05556" branch-rate="0">
					<methods/>
					<lines>
						<line number="15" hits="1"/>
						<line number="16" hits="0"/>
						<line number="17" hits="0"/>
						<line number="19" hits="0"/>
						<line number="23" hits="0"/>
						<line number="24" hits="0"/>
						<line number="27" hits="0"/>
						<line number="31" hits="0"/>
						<line number="35" hits="0"/>
						<line number="38" hits="0"/>
						<line number="39" hits="0"/>
						<line number="43" hits="0"/>
						<line number="48" hits="0"/>
						<line number="57" hits="0"/>
						<line number="61" hits="0"/>
						<line number="78" hits="0"/>
						<line number="80" hits="0"/>
						<line number="91" hits="0"/>
					</lines>
				</class>
				<class name="read_and_filter.py" filename="src/geh_settlement_report/domain/charge_price_points/read_and_filter.py" complexity="0" line-rate="0.1071" branch-rate="0">
					<methods/>
					<lines>
						<line number="14" hits="1"/>
						<line number="15" hits="1"/>
						<line number="17" hits="1"/>
						<line number="18" hits="0"/>
						<line number="19" hits="0"/>
						<line number="21" hits="0"/>
						<line number="24" hits="0"/>
						<line number="27" hits="0"/>
						<line number="28" hits="0"/>
						<line number="31" hits="0"/>
						<line number="32" hits="0"/>
						<line number="36" hits="0"/>
						<line number="39" hits="0"/>
						<line number="40" hits="0"/>
						<line number="49" hits="0"/>
						<line number="51" hits="0"/>
						<line number="57" hits="0"/>
						<line number="66" hits="0"/>
						<line number="68" hits="0"/>
						<line number="81" hits="0"/>
						<line number="85" hits="0"/>
						<line number="91" hits="0"/>
						<line number="94" hits="0"/>
						<line number="102" hits="0"/>
						<line number="106" hits="0"/>
						<line number="114" hits="0"/>
						<line number="118" hits="0"/>
						<line number="135" hits="0"/>
					</lines>
				</class>
			</classes>
		</package>
		<package name="src.geh_settlement_report.domain.energy_results" line-rate="0.1" branch-rate="0" complexity="0">
			<classes>
				<class name="__init__.py" filename="src/geh_settlement_report/domain/energy_results/__init__.py" complexity="0" line-rate="1" branch-rate="0">
					<methods/>
					<lines/>
				</class>
				<class name="energy_results_factory.py" filename="src/geh_settlement_report/domain/energy_results/energy_results_factory.py" complexity="0" line-rate="0" branch-rate="0">
					<methods/>
					<lines>
						<line number="15" hits="0"/>
						<line number="17" hits="0"/>
						<line number="20" hits="0"/>
						<line number="23" hits="0"/>
						<line number="26" hits="0"/>
						<line number="29" hits="0"/>
						<line number="32" hits="0"/>
						<line number="36" hits="0"/>
						<line number="38" hits="0"/>
					</lines>
				</class>
				<class name="order_by_columns.py" filename="src/geh_settlement_report/domain/energy_results/order_by_columns.py" complexity="0" line-rate="0.4286" branch-rate="0">
					<methods/>
					<lines>
						<line number="1" hits="1"/>
						<line number="2" hits="1"/>
						<line number="5" hits="1"/>
						<line number="6" hits="0"/>
						<line number="13" hits="0"/>
						<line number="17" hits="0"/>
						<line number="19" hits="0"/>
					</lines>
				</class>
				<class name="prepare_for_csv.py" filename="src/geh_settlement_report/domain/energy_results/prepare_for_csv.py" complexity="0" line-rate="0.05882" branch-rate="0">
					<methods/>
					<lines>
						<line number="15" hits="1"/>
						<line number="16" hits="0"/>
						<line number="17" hits="0"/>
						<line number="19" hits="0"/>
						<line number="20" hits="0"/>
						<line number="24" hits="0"/>
						<line number="27" hits="0"/>
						<line number="28" hits="0"/>
						<line number="32" hits="0"/>
						<line number="35" hits="0"/>
						<line number="36" hits="0"/>
						<line number="41" hits="0"/>
						<line number="57" hits="0"/>
						<line number="58" hits="0"/>
						<line number="63" hits="0"/>
						<line number="64" hits="0"/>
						<line number="68" hits="0"/>
					</lines>
				</class>
				<class name="read_and_filter.py" filename="src/geh_settlement_report/domain/energy_results/read_and_filter.py" complexity="0" line-rate="0.07407" branch-rate="0">
					<methods/>
					<lines>
						<line number="14" hits="1"/>
						<line number="16" hits="1"/>
						<line number="17" hits="0"/>
						<line number="18" hits="0"/>
						<line number="20" hits="0"/>
						<line number="26" hits="0"/>
						<line number="27" hits="0"/>
						<line number="28" hits="0"/>
						<line number="31" hits="0"/>
						<line number="32" hits="0"/>
						<line number="36" hits="0"/>
						<line number="39" hits="0"/>
						<line number="43" hits="0"/>
						<line number="44" hits="0"/>
						<line number="46" hits="0"/>
						<line number="49" hits="0"/>
						<line number="50" hits="0"/>
						<line number="51" hits="0"/>
						<line number="53" hits="0"/>
						<line number="58" hits="0"/>
						<line number="59" hits="0"/>
						<line number="61" hits="0"/>
						<line number="62" hits="0"/>
						<line number="63" hits="0"/>
						<line number="72" hits="0"/>
						<line number="74" hits="0"/>
						<line number="76" hits="0"/>
					</lines>
				</class>
			</classes>
		</package>
		<package name="src.geh_settlement_report.domain.metering_point_periods" line-rate="0.07843" branch-rate="0" complexity="0">
			<classes>
				<class name="__init__.py" filename="src/geh_settlement_report/domain/metering_point_periods/__init__.py" complexity="0" line-rate="1" branch-rate="0">
					<methods/>
					<lines/>
				</class>
				<class name="clamp_period.py" filename="src/geh_settlement_report/domain/metering_point_periods/clamp_period.py" complexity="0" line-rate="0" branch-rate="0">
					<methods/>
					<lines>
						<line number="1" hits="0"/>
						<line number="3" hits="0"/>
						<line number="4" hits="0"/>
						<line number="6" hits="0"/>
						<line number="11" hits="0"/>
						<line number="14" hits="0"/>
						<line number="27" hits="0"/>
					</lines>
				</class>
				<class name="metering_point_periods_factory.py" filename="src/geh_settlement_report/domain/metering_point_periods/metering_point_periods_factory.py" complexity="0" line-rate="0.1" branch-rate="0">
					<methods/>
					<lines>
						<line number="15" hits="1"/>
						<line number="17" hits="1"/>
						<line number="20" hits="0"/>
						<line number="23" hits="0"/>
						<line number="26" hits="0"/>
						<line number="27" hits="0"/>
						<line number="28" hits="0"/>
						<line number="31" hits="0"/>
						<line number="32" hits="0"/>
						<line number="37" hits="0"/>
						<line number="41" hits="0"/>
						<line number="42" hits="0"/>
						<line number="43" hits="0"/>
						<line number="53" hits="0"/>
						<line number="64" hits="0"/>
						<line number="70" hits="0"/>
						<line number="71" hits="0"/>
						<line number="81" hits="0"/>
						<line number="85" hits="0"/>
						<line number="86" hits="0"/>
					</lines>
				</class>
				<class name="order_by_columns.py" filename="src/geh_settlement_report/domain/metering_point_periods/order_by_columns.py" complexity="0" line-rate="0" branch-rate="0">
					<methods/>
					<lines>
						<line number="1" hits="0"/>
						<line number="2" hits="0"/>
						<line number="5" hits="0"/>
						<line number="8" hits="0"/>
						<line number="14" hits="0"/>
						<line number="18" hits="0"/>
						<line number="20" hits="0"/>
					</lines>
				</class>
				<class name="prepare_for_csv.py" filename="src/geh_settlement_report/domain/metering_point_periods/prepare_for_csv.py" complexity="0" line-rate="0.05263" branch-rate="0">
					<methods/>
					<lines>
						<line number="15" hits="1"/>
						<line number="16" hits="0"/>
						<line number="17" hits="0"/>
						<line number="19" hits="0"/>
						<line number="23" hits="0"/>
						<line number="26" hits="0"/>
						<line number="30" hits="0"/>
						<line number="31" hits="0"/>
						<line number="35" hits="0"/>
						<line number="38" hits="0"/>
						<line number="39" hits="0"/>
						<line number="43" hits="0"/>
						<line number="56" hits="0"/>
						<line number="57" hits="0"/>
						<line number="61" hits="0"/>
						<line number="66" hits="0"/>
						<line number="70" hits="0"/>
						<line number="72" hits="0"/>
						<line number="74" hits="0"/>
					</lines>
				</class>
				<class name="read_and_filter_balance_fixing.py" filename="src/geh_settlement_report/domain/metering_point_periods/read_and_filter_balance_fixing.py" complexity="0" line-rate="0.08" branch-rate="0">
					<methods/>
					<lines>
						<line number="14" hits="1"/>
						<line number="16" hits="1"/>
						<line number="17" hits="0"/>
						<line number="18" hits="0"/>
						<line number="20" hits="0"/>
						<line number="23" hits="0"/>
						<line number="26" hits="0"/>
						<line number="29" hits="0"/>
						<line number="32" hits="0"/>
						<line number="33" hits="0"/>
						<line number="37" hits="0"/>
						<line number="40" hits="0"/>
						<line number="41" hits="0"/>
						<line number="50" hits="0"/>
						<line number="58" hits="0"/>
						<line number="60" hits="0"/>
						<line number="70" hits="0"/>
						<line number="74" hits="0"/>
						<line number="78" hits="0"/>
						<line number="82" hits="0"/>
						<line number="85" hits="0"/>
						<line number="86" hits="0"/>
						<line number="96" hits="0"/>
						<line number="98" hits="0"/>
						<line number="106" hits="0"/>
					</lines>
				</class>
				<class name="read_and_filter_wholesale.py" filename="src/geh_settlement_report/domain/metering_point_periods/read_and_filter_wholesale.py" complexity="0" line-rate="0.125" branch-rate="0">
					<methods/>
					<lines>
						<line number="14" hits="1"/>
						<line number="15" hits="1"/>
						<line number="17" hits="1"/>
						<line number="18" hits="0"/>
						<line number="20" hits="0"/>
						<line number="23" hits="0"/>
						<line number="26" hits="0"/>
						<line number="27" hits="0"/>
						<line number="30" hits="0"/>
						<line number="34" hits="0"/>
						<line number="36" hits="0"/>
						<line number="39" hits="0"/>
						<line number="40" hits="0"/>
						<line number="50" hits="0"/>
						<line number="58" hits="0"/>
						<line number="59" hits="0"/>
						<line number="68" hits="0"/>
						<line number="70" hits="0"/>
						<line number="72" hits="0"/>
						<line number="74" hits="0"/>
						<line number="77" hits="0"/>
						<line number="85" hits="0"/>
						<line number="92" hits="0"/>
						<line number="97" hits="0"/>
					</lines>
				</class>
			</classes>
		</package>
		<package name="src.geh_settlement_report.domain.monthly_amounts" line-rate="0.02817" branch-rate="0" complexity="0">
			<classes>
				<class name="__init__.py" filename="src/geh_settlement_report/domain/monthly_amounts/__init__.py" complexity="0" line-rate="1" branch-rate="0">
					<methods/>
					<lines/>
				</class>
				<class name="monthly_amounts_factory.py" filename="src/geh_settlement_report/domain/monthly_amounts/monthly_amounts_factory.py" complexity="0" line-rate="0" branch-rate="0">
					<methods/>
					<lines>
						<line number="15" hits="0"/>
						<line number="17" hits="0"/>
						<line number="20" hits="0"/>
						<line number="23" hits="0"/>
						<line number="26" hits="0"/>
						<line number="29" hits="0"/>
						<line number="32" hits="0"/>
						<line number="36" hits="0"/>
						<line number="38" hits="0"/>
					</lines>
				</class>
				<class name="order_by_columns.py" filename="src/geh_settlement_report/domain/monthly_amounts/order_by_columns.py" complexity="0" line-rate="0" branch-rate="0">
					<methods/>
					<lines>
						<line number="1" hits="0"/>
						<line number="2" hits="0"/>
						<line number="5" hits="0"/>
						<line number="6" hits="0"/>
						<line number="14" hits="0"/>
						<line number="18" hits="0"/>
						<line number="20" hits="0"/>
					</lines>
				</class>
				<class name="prepare_for_csv.py" filename="src/geh_settlement_report/domain/monthly_amounts/prepare_for_csv.py" complexity="0" line-rate="0.07143" branch-rate="0">
					<methods/>
					<lines>
						<line number="15" hits="1"/>
						<line number="16" hits="0"/>
						<line number="17" hits="0"/>
						<line number="19" hits="0"/>
						<line number="20" hits="0"/>
						<line number="24" hits="0"/>
						<line number="27" hits="0"/>
						<line number="31" hits="0"/>
						<line number="34" hits="0"/>
						<line number="35" hits="0"/>
						<line number="39" hits="0"/>
						<line number="60" hits="0"/>
						<line number="61" hits="0"/>
						<line number="65" hits="0"/>
					</lines>
				</class>
				<class name="read_and_filter.py" filename="src/geh_settlement_report/domain/monthly_amounts/read_and_filter.py" complexity="0" line-rate="0.02439" branch-rate="0">
					<methods/>
					<lines>
						<line number="14" hits="1"/>
						<line number="15" hits="0"/>
						<line number="16" hits="0"/>
						<line number="18" hits="0"/>
						<line number="23" hits="0"/>
						<line number="24" hits="0"/>
						<line number="27" hits="0"/>
						<line number="28" hits="0"/>
						<line number="32" hits="0"/>
						<line number="35" hits="0"/>
						<line number="36" hits="0"/>
						<line number="37" hits="0"/>
						<line number="38" hits="0"/>
						<line number="40" hits="0"/>
						<line number="41" hits="0"/>
						<line number="42" hits="0"/>
						<line number="47" hits="0"/>
						<line number="48" hits="0"/>
						<line number="50" hits="0"/>
						<line number="53" hits="0"/>
						<line number="54" hits="0"/>
						<line number="57" hits="0"/>
						<line number="59" hits="0"/>
						<line number="60" hits="0"/>
						<line number="61" hits="0"/>
						<line number="62" hits="0"/>
						<line number="65" hits="0"/>
						<line number="66" hits="0"/>
						<line number="68" hits="0"/>
						<line number="74" hits="0"/>
						<line number="77" hits="0"/>
						<line number="78" hits="0"/>
						<line number="80" hits="0"/>
						<line number="84" hits="0"/>
						<line number="85" hits="0"/>
						<line number="89" hits="0"/>
						<line number="92" hits="0"/>
						<line number="95" hits="0"/>
						<line number="99" hits="0"/>
						<line number="107" hits="0"/>
						<line number="109" hits="0"/>
					</lines>
				</class>
			</classes>
		</package>
		<package name="src.geh_settlement_report.domain.time_series_points" line-rate="0.1122" branch-rate="0" complexity="0">
			<classes>
				<class name="__init__.py" filename="src/geh_settlement_report/domain/time_series_points/__init__.py" complexity="0" line-rate="1" branch-rate="0">
					<methods/>
					<lines/>
				</class>
				<class name="order_by_columns.py" filename="src/geh_settlement_report/domain/time_series_points/order_by_columns.py" complexity="0" line-rate="0.4286" branch-rate="0">
					<methods/>
					<lines>
						<line number="1" hits="1"/>
						<line number="2" hits="1"/>
						<line number="5" hits="1"/>
						<line number="6" hits="0"/>
						<line number="11" hits="0"/>
						<line number="15" hits="0"/>
						<line number="17" hits="0"/>
					</lines>
				</class>
				<class name="prepare_for_csv.py" filename="src/geh_settlement_report/domain/time_series_points/prepare_for_csv.py" complexity="0" line-rate="0.03448" branch-rate="0">
					<methods/>
					<lines>
						<line number="15" hits="1"/>
						<line number="16" hits="0"/>
						<line number="17" hits="0"/>
						<line number="19" hits="0"/>
						<line number="23" hits="0"/>
						<line number="24" hits="0"/>
						<line number="27" hits="0"/>
						<line number="30" hits="0"/>
						<line number="31" hits="0"/>
						<line number="34" hits="0"/>
						<line number="38" hits="0"/>
						<line number="41" hits="0"/>
						<line number="42" hits="0"/>
						<line number="48" hits="0"/>
						<line number="50" hits="0"/>
						<line number="55" hits="0"/>
						<line number="62" hits="0"/>
						<line number="66" hits="0"/>
						<line number="81" hits="0"/>
						<line number="86" hits="0"/>
						<line number="97" hits="0"/>
						<line number="101" hits="0"/>
						<line number="103" hits="0"/>
						<line number="106" hits="0"/>
						<line number="109" hits="0"/>
						<line number="110" hits="0"/>
						<line number="111" hits="0"/>
						<line number="112" hits="0"/>
						<line number="114" hits="0"/>
					</lines>
				</class>
				<class name="read_and_filter.py" filename="src/geh_settlement_report/domain/time_series_points/read_and_filter.py" complexity="0" line-rate="0.09375" branch-rate="0">
					<methods/>
					<lines>
						<line number="14" hits="1"/>
						<line number="15" hits="1"/>
						<line number="17" hits="1"/>
						<line number="18" hits="0"/>
						<line number="19" hits="0"/>
						<line number="21" hits="0"/>
						<line number="24" hits="0"/>
						<line number="29" hits="0"/>
						<line number="30" hits="0"/>
						<line number="31" hits="0"/>
						<line number="34" hits="0"/>
						<line number="38" hits="0"/>
						<line number="41" hits="0"/>
						<line number="42" hits="0"/>
						<line number="51" hits="0"/>
						<line number="52" hits="0"/>
						<line number="60" hits="0"/>
						<line number="70" hits="0"/>
						<line number="73" hits="0"/>
						<line number="74" hits="0"/>
						<line number="84" hits="0"/>
						<line number="86" hits="0"/>
						<line number="94" hits="0"/>
						<line number="96" hits="0"/>
						<line number="97" hits="0"/>
						<line number="104" hits="0"/>
						<line number="107" hits="0"/>
						<line number="108" hits="0"/>
						<line number="115" hits="0"/>
						<line number="121" hits="0"/>
						<line number="122" hits="0"/>
						<line number="124" hits="0"/>
					</lines>
				</class>
				<class name="system_operator_filter.py" filename="src/geh_settlement_report/domain/time_series_points/system_operator_filter.py" complexity="0" line-rate="0.5" branch-rate="0">
					<methods/>
					<lines>
						<line number="1" hits="1"/>
						<line number="2" hits="1"/>
						<line number="4" hits="1"/>
						<line number="9" hits="1"/>
						<line number="19" hits="0"/>
						<line number="23" hits="0"/>
						<line number="34" hits="0"/>
						<line number="47" hits="0"/>
					</lines>
				</class>
				<class name="time_series_points_factory.py" filename="src/geh_settlement_report/domain/time_series_points/time_series_points_factory.py" complexity="0" line-rate="0" branch-rate="0">
					<methods/>
					<lines>
						<line number="14" hits="0"/>
						<line number="15" hits="0"/>
						<line number="17" hits="0"/>
						<line number="18" hits="0"/>
						<line number="20" hits="0"/>
						<line number="23" hits="0"/>
						<line number="27" hits="0"/>
						<line number="28" hits="0"/>
						<line number="29" hits="0"/>
						<line number="33" hits="0"/>
						<line number="36" hits="0"/>
						<line number="37" hits="0"/>
						<line number="47" hits="0"/>
						<line number="49" hits="0"/>
						<line number="59" hits="0"/>
						<line number="65" hits="0"/>
						<line number="68" hits="0"/>
						<line number="69" hits="0"/>
						<line number="80" hits="0"/>
						<line number="82" hits="0"/>
						<line number="93" hits="0"/>
						<line number="99" hits="0"/>
					</lines>
				</class>
			</classes>
		</package>
		<package name="src.geh_settlement_report.domain.utils" line-rate="0.414" branch-rate="0" complexity="0">
			<classes>
				<class name="__init__.py" filename="src/geh_settlement_report/domain/utils/__init__.py" complexity="0" line-rate="1" branch-rate="0">
					<methods/>
					<lines/>
				</class>
				<class name="csv_column_names.py" filename="src/geh_settlement_report/domain/utils/csv_column_names.py" complexity="0" line-rate="1" branch-rate="0">
					<methods/>
					<lines>
						<line number="1" hits="1"/>
						<line number="2" hits="1"/>
						<line number="3" hits="1"/>
						<line number="4" hits="1"/>
						<line number="5" hits="1"/>
						<line number="6" hits="1"/>
						<line number="7" hits="1"/>
						<line number="8" hits="1"/>
						<line number="9" hits="1"/>
						<line number="10" hits="1"/>
						<line number="11" hits="1"/>
						<line number="12" hits="1"/>
						<line number="13" hits="1"/>
						<line number="14" hits="1"/>
						<line number="15" hits="1"/>
						<line number="16" hits="1"/>
						<line number="17" hits="1"/>
						<line number="18" hits="1"/>
						<line number="19" hits="1"/>
						<line number="20" hits="1"/>
						<line number="21" hits="1"/>
						<line number="22" hits="1"/>
						<line number="23" hits="1"/>
						<line number="24" hits="1"/>
						<line number="25" hits="1"/>
						<line number="26" hits="1"/>
						<line number="27" hits="1"/>
						<line number="28" hits="1"/>
						<line number="31" hits="1"/>
						<line number="35" hits="1"/>
						<line number="36" hits="1"/>
						<line number="37" hits="1"/>
					</lines>
				</class>
				<class name="factory_filters.py" filename="src/geh_settlement_report/domain/utils/factory_filters.py" complexity="0" line-rate="0" branch-rate="0">
					<methods/>
					<lines>
						<line number="1" hits="0"/>
						<line number="2" hits="0"/>
						<line number="4" hits="0"/>
						<line number="5" hits="0"/>
						<line number="6" hits="0"/>
						<line number="8" hits="0"/>
						<line number="9" hits="0"/>
						<line number="12" hits="0"/>
						<line number="13" hits="0"/>
						<line number="16" hits="0"/>
						<line number="19" hits="0"/>
						<line number="23" hits="0"/>
						<line number="26" hits="0"/>
						<line number="35" hits="0"/>
						<line number="42" hits="0"/>
						<line number="49" hits="0"/>
						<line number="52" hits="0"/>
						<line number="58" hits="0"/>
						<line number="63" hits="0"/>
						<line number="78" hits="0"/>
						<line number="81" hits="0"/>
						<line number="86" hits="0"/>
						<line number="92" hits="0"/>
						<line number="93" hits="0"/>
						<line number="96" hits="0"/>
						<line number="97" hits="0"/>
						<line number="100" hits="0"/>
						<line number="105" hits="0"/>
						<line number="106" hits="0"/>
						<line number="110" hits="0"/>
						<line number="111" hits="0"/>
						<line number="119" hits="0"/>
					</lines>
				</class>
				<class name="get_start_of_day.py" filename="src/geh_settlement_report/domain/utils/get_start_of_day.py" complexity="0" line-rate="0" branch-rate="0">
					<methods/>
					<lines>
						<line number="1" hits="0"/>
						<line number="2" hits="0"/>
						<line number="5" hits="0"/>
						<line number="6" hits="0"/>
						<line number="7" hits="0"/>
					</lines>
				</class>
				<class name="join_metering_points_periods_and_charge_link_periods.py" filename="src/geh_settlement_report/domain/utils/join_metering_points_periods_and_charge_link_periods.py" complexity="0" line-rate="0" branch-rate="0">
					<methods/>
					<lines>
						<line number="1" hits="0"/>
						<line number="2" hits="0"/>
						<line number="4" hits="0"/>
						<line number="9" hits="0"/>
						<line number="18" hits="0"/>
						<line number="19" hits="0"/>
						<line number="20" hits="0"/>
						<line number="21" hits="0"/>
						<line number="23" hits="0"/>
						<line number="26" hits="0"/>
						<line number="30" hits="0"/>
						<line number="53" hits="0"/>
					</lines>
				</class>
				<class name="map_from_dict.py" filename="src/geh_settlement_report/domain/utils/map_from_dict.py" complexity="0" line-rate="0.8" branch-rate="0">
					<methods/>
					<lines>
						<line number="14" hits="1"/>
						<line number="16" hits="1"/>
						<line number="17" hits="1"/>
						<line number="20" hits="1"/>
						<line number="29" hits="0"/>
					</lines>
				</class>
				<class name="map_to_csv_naming.py" filename="src/geh_settlement_report/domain/utils/map_to_csv_naming.py" complexity="0" line-rate="1" branch-rate="0">
					<methods/>
					<lines>
						<line number="14" hits="1"/>
						<line number="20" hits="1"/>
						<line number="24" hits="1"/>
						<line number="42" hits="1"/>
						<line number="47" hits="1"/>
						<line number="55" hits="1"/>
						<line number="62" hits="1"/>
						<line number="67" hits="1"/>
						<line number="73" hits="1"/>
					</lines>
				</class>
				<class name="market_role.py" filename="src/geh_settlement_report/domain/utils/market_role.py" complexity="0" line-rate="1" branch-rate="0">
					<methods/>
					<lines>
						<line number="15" hits="1"/>
						<line number="18" hits="1"/>
						<line number="24" hits="1"/>
						<line number="25" hits="1"/>
						<line number="26" hits="1"/>
						<line number="27" hits="1"/>
					</lines>
				</class>
				<class name="merge_periods.py" filename="src/geh_settlement_report/domain/utils/merge_periods.py" complexity="0" line-rate="0.3636" branch-rate="0">
					<methods/>
					<lines>
						<line number="1" hits="1"/>
						<line number="2" hits="1"/>
						<line number="4" hits="1"/>
						<line number="9" hits="1"/>
						<line number="20" hits="0"/>
						<line number="23" hits="0"/>
						<line number="26" hits="0"/>
						<line number="31" hits="0"/>
						<line number="42" hits="0"/>
						<line number="43" hits="0"/>
						<line number="48" hits="0"/>
					</lines>
				</class>
				<class name="report_data_type.py" filename="src/geh_settlement_report/domain/utils/report_data_type.py" complexity="0" line-rate="1" branch-rate="0">
					<methods/>
					<lines>
						<line number="15" hits="1"/>
						<line number="18" hits="1"/>
						<line number="24" hits="1"/>
						<line number="25" hits="1"/>
						<line number="26" hits="1"/>
						<line number="27" hits="1"/>
						<line number="28" hits="1"/>
						<line number="29" hits="1"/>
						<line number="30" hits="1"/>
						<line number="31" hits="1"/>
					</lines>
				</class>
				<class name="repository_filtering.py" filename="src/geh_settlement_report/domain/utils/repository_filtering.py" complexity="0" line-rate="0" branch-rate="0">
					<methods/>
					<lines>
						<line number="1" hits="0"/>
						<line number="2" hits="0"/>
						<line number="4" hits="0"/>
						<line number="5" hits="0"/>
						<line number="7" hits="0"/>
						<line number="11" hits="0"/>
						<line number="12" hits="0"/>
						<line number="13" hits="0"/>
						<line number="18" hits="0"/>
						<line number="25" hits="0"/>
						<line number="29" hits="0"/>
						<line number="33" hits="0"/>
						<line number="34" hits="0"/>
						<line number="38" hits="0"/>
						<line number="41" hits="0"/>
						<line number="48" hits="0"/>
						<line number="52" hits="0"/>
						<line number="56" hits="0"/>
						<line number="57" hits="0"/>
						<line number="61" hits="0"/>
						<line number="64" hits="0"/>
						<line number="71" hits="0"/>
						<line number="75" hits="0"/>
						<line number="79" hits="0"/>
						<line number="81" hits="0"/>
						<line number="88" hits="0"/>
						<line number="91" hits="0"/>
						<line number="97" hits="0"/>
						<line number="103" hits="0"/>
						<line number="109" hits="0"/>
					</lines>
				</class>
				<class name="settlement_report_args_utils.py" filename="src/geh_settlement_report/domain/utils/settlement_report_args_utils.py" complexity="0" line-rate="0" branch-rate="0">
					<methods/>
					<lines>
						<line number="14" hits="0"/>
						<line number="19" hits="0"/>
						<line number="22" hits="0"/>
						<line number="26" hits="0"/>
						<line number="28" hits="0"/>
					</lines>
				</class>
			</classes>
		</package>
		<package name="src.geh_settlement_report.domain.wholesale_results" line-rate="0.06383" branch-rate="0" complexity="0">
			<classes>
				<class name="__init__.py" filename="src/geh_settlement_report/domain/wholesale_results/__init__.py" complexity="0" line-rate="1" branch-rate="0">
					<methods/>
					<lines/>
				</class>
				<class name="order_by_columns.py" filename="src/geh_settlement_report/domain/wholesale_results/order_by_columns.py" complexity="0" line-rate="0" branch-rate="0">
					<methods/>
					<lines>
						<line number="1" hits="0"/>
						<line number="3" hits="0"/>
						<line number="6" hits="0"/>
						<line number="7" hits="0"/>
					</lines>
				</class>
				<class name="prepare_for_csv.py" filename="src/geh_settlement_report/domain/wholesale_results/prepare_for_csv.py" complexity="0" line-rate="0" branch-rate="0">
					<methods/>
					<lines>
						<line number="15" hits="0"/>
						<line number="16" hits="0"/>
						<line number="17" hits="0"/>
						<line number="19" hits="0"/>
						<line number="20" hits="0"/>
						<line number="24" hits="0"/>
						<line number="27" hits="0"/>
						<line number="31" hits="0"/>
						<line number="34" hits="0"/>
						<line number="35" hits="0"/>
						<line number="39" hits="0"/>
						<line number="68" hits="0"/>
						<line number="69" hits="0"/>
						<line number="73" hits="0"/>
					</lines>
				</class>
				<class name="read_and_filter.py" filename="src/geh_settlement_report/domain/wholesale_results/read_and_filter.py" complexity="0" line-rate="0.1667" branch-rate="0">
					<methods/>
					<lines>
						<line number="14" hits="1"/>
						<line number="15" hits="1"/>
						<line number="17" hits="1"/>
						<line number="18" hits="0"/>
						<line number="19" hits="0"/>
						<line number="21" hits="0"/>
						<line number="25" hits="0"/>
						<line number="26" hits="0"/>
						<line number="27" hits="0"/>
						<line number="31" hits="0"/>
						<line number="34" hits="0"/>
						<line number="35" hits="0"/>
						<line number="44" hits="0"/>
						<line number="48" hits="0"/>
						<line number="49" hits="0"/>
						<line number="51" hits="0"/>
						<line number="53" hits="0"/>
						<line number="55" hits="0"/>
					</lines>
				</class>
				<class name="wholesale_results_factory.py" filename="src/geh_settlement_report/domain/wholesale_results/wholesale_results_factory.py" complexity="0" line-rate="0" branch-rate="0">
					<methods/>
					<lines>
						<line number="15" hits="0"/>
						<line number="16" hits="0"/>
						<line number="18" hits="0"/>
						<line number="21" hits="0"/>
						<line number="24" hits="0"/>
						<line number="27" hits="0"/>
						<line number="30" hits="0"/>
						<line number="33" hits="0"/>
						<line number="34" hits="0"/>
						<line number="38" hits="0"/>
						<line number="48" hits="0"/>
					</lines>
				</class>
			</classes>
		</package>
		<package name="src.geh_settlement_report.entry_points" line-rate="0.09804" branch-rate="0" complexity="0">
			<classes>
				<class name="__init__.py" filename="src/geh_settlement_report/entry_points/__init__.py" complexity="0" line-rate="1" branch-rate="0">
					<methods/>
					<lines/>
				</class>
				<class name="entry_point.py" filename="src/geh_settlement_report/entry_points/entry_point.py" complexity="0" line-rate="0.09804" branch-rate="0">
					<methods/>
					<lines>
						<line number="15" hits="1"/>
						<line number="16" hits="1"/>
						<line number="17" hits="1"/>
						<line number="18" hits="1"/>
						<line number="20" hits="1"/>
						<line number="21" hits="0"/>
						<line number="22" hits="0"/>
						<line number="24" hits="0"/>
						<line number="27" hits="0"/>
						<line number="31" hits="0"/>
						<line number="32" hits="0"/>
						<line number="33" hits="0"/>
						<line number="39" hits="0"/>
						<line number="40" hits="0"/>
						<line number="43" hits="0"/>
						<line number="44" hits="0"/>
						<line number="47" hits="0"/>
						<line number="48" hits="0"/>
						<line number="51" hits="0"/>
						<line number="52" hits="0"/>
						<line number="55" hits="0"/>
						<line number="56" hits="0"/>
						<line number="59" hits="0"/>
						<line number="60" hits="0"/>
						<line number="63" hits="0"/>
						<line number="64" hits="0"/>
						<line number="67" hits="0"/>
						<line number="68" hits="0"/>
						<line number="71" hits="0"/>
						<line number="72" hits="0"/>
						<line number="75" hits="0"/>
						<line number="76" hits="0"/>
						<line number="78" hits="0"/>
						<line number="84" hits="0"/>
						<line number="93" hits="0"/>
						<line number="100" hits="0"/>
						<line number="103" hits="0"/>
						<line number="106" hits="0"/>
						<line number="110" hits="0"/>
						<line number="111" hits="0"/>
						<line number="112" hits="0"/>
						<line number="113" hits="0"/>
						<line number="115" hits="0"/>
						<line number="116" hits="0"/>
						<line number="119" hits="0"/>
						<line number="120" hits="0"/>
						<line number="121" hits="0"/>
						<line number="122" hits="0"/>
						<line number="124" hits="0"/>
						<line number="125" hits="0"/>
						<line number="126" hits="0"/>
					</lines>
				</class>
			</classes>
		</package>
		<package name="src.geh_settlement_report.entry_points.job_args" line-rate="0.2661" branch-rate="0" complexity="0">
			<classes>
				<class name="__init__.py" filename="src/geh_settlement_report/entry_points/job_args/__init__.py" complexity="0" line-rate="1" branch-rate="0">
					<methods/>
					<lines/>
				</class>
				<class name="args_helper.py" filename="src/geh_settlement_report/entry_points/job_args/args_helper.py" complexity="0" line-rate="0" branch-rate="0">
					<methods/>
					<lines>
						<line number="14" hits="0"/>
						<line number="16" hits="0"/>
						<line number="19" hits="0"/>
						<line number="21" hits="0"/>
						<line number="22" hits="0"/>
						<line number="23" hits="0"/>
						<line number="24" hits="0"/>
						<line number="25" hits="0"/>
						<line number="28" hits="0"/>
						<line number="29" hits="0"/>
						<line number="30" hits="0"/>
						<line number="31" hits="0"/>
						<line number="34" hits="0"/>
						<line number="37" hits="0"/>
						<line number="42" hits="0"/>
						<line number="43" hits="0"/>
						<line number="45" hits="0"/>
					</lines>
				</class>
				<class name="calculation_type.py" filename="src/geh_settlement_report/entry_points/job_args/calculation_type.py" complexity="0" line-rate="1" branch-rate="0">
					<methods/>
					<lines>
						<line number="15" hits="1"/>
						<line number="18" hits="1"/>
						<line number="21" hits="1"/>
						<line number="22" hits="1"/>
						<line number="23" hits="1"/>
						<line number="24" hits="1"/>
						<line number="25" hits="1"/>
					</lines>
				</class>
				<class name="environment_variables.py" filename="src/geh_settlement_report/entry_points/job_args/environment_variables.py" complexity="0" line-rate="0" branch-rate="0">
					<methods/>
					<lines>
						<line number="15" hits="0"/>
						<line number="16" hits="0"/>
						<line number="17" hits="0"/>
						<line number="20" hits="0"/>
						<line number="21" hits="0"/>
						<line number="24" hits="0"/>
						<line number="25" hits="0"/>
						<line number="28" hits="0"/>
						<line number="29" hits="0"/>
						<line number="30" hits="0"/>
						<line number="31" hits="0"/>
						<line number="33" hits="0"/>
					</lines>
				</class>
				<class name="settlement_report_args.py" filename="src/geh_settlement_report/entry_points/job_args/settlement_report_args.py" complexity="0" line-rate="1" branch-rate="0">
					<methods/>
					<lines>
						<line number="1" hits="1"/>
						<line number="2" hits="1"/>
						<line number="3" hits="1"/>
						<line number="4" hits="1"/>
						<line number="6" hits="1"/>
						<line number="7" hits="1"/>
						<line number="10" hits="1"/>
						<line number="11" hits="1"/>
						<line number="12" hits="1"/>
						<line number="13" hits="1"/>
						<line number="14" hits="1"/>
						<line number="15" hits="1"/>
						<line number="16" hits="1"/>
						<line number="17" hits="1"/>
						<line number="18" hits="1"/>
						<line number="19" hits="1"/>
						<line number="20" hits="1"/>
						<line number="21" hits="1"/>
						<line number="22" hits="1"/>
						<line number="23" hits="1"/>
						<line number="24" hits="1"/>
						<line number="25" hits="1"/>
						<line number="26" hits="1"/>
						<line number="27" hits="1"/>
						<line number="28" hits="1"/>
						<line number="29" hits="1"/>
					</lines>
				</class>
				<class name="settlement_report_job_args.py" filename="src/geh_settlement_report/entry_points/job_args/settlement_report_job_args.py" complexity="0" line-rate="0" branch-rate="0">
					<methods/>
					<lines>
						<line number="14" hits="0"/>
						<line number="15" hits="0"/>
						<line number="16" hits="0"/>
						<line number="17" hits="0"/>
						<line number="19" hits="0"/>
						<line number="20" hits="0"/>
						<line number="21" hits="0"/>
						<line number="23" hits="0"/>
						<line number="24" hits="0"/>
						<line number="25" hits="0"/>
						<line number="29" hits="0"/>
						<line number="30" hits="0"/>
						<line number="33" hits="0"/>
						<line number="38" hits="0"/>
						<line number="39" hits="0"/>
						<line number="42" hits="0"/>
						<line number="45" hits="0"/>
						<line number="46" hits="0"/>
						<line number="48" hits="0"/>
						<line number="49" hits="0"/>
						<line number="55" hits="0"/>
						<line number="61" hits="0"/>
						<line number="79" hits="0"/>
						<line number="82" hits="0"/>
						<line number="83" hits="0"/>
						<line number="89" hits="0"/>
						<line number="90" hits="0"/>
						<line number="91" hits="0"/>
						<line number="92" hits="0"/>
						<line number="93" hits="0"/>
						<line number="94" hits="0"/>
						<line number="95" hits="0"/>
						<line number="96" hits="0"/>
						<line number="97" hits="0"/>
						<line number="98" hits="0"/>
						<line number="99" hits="0"/>
						<line number="100" hits="0"/>
						<line number="102" hits="0"/>
						<line number="103" hits="0"/>
						<line number="104" hits="0"/>
						<line number="105" hits="0"/>
						<line number="107" hits="0"/>
						<line number="110" hits="0"/>
						<line number="111" hits="0"/>
						<line number="112" hits="0"/>
						<line number="113" hits="0"/>
						<line number="116" hits="0"/>
						<line number="119" hits="0"/>
						<line number="120" hits="0"/>
						<line number="121" hits="0"/>
						<line number="123" hits="0"/>
						<line number="126" hits="0"/>
						<line number="127" hits="0"/>
						<line number="128" hits="0"/>
						<line number="129" hits="0"/>
						<line number="130" hits="0"/>
						<line number="132" hits="0"/>
						<line number="133" hits="0"/>
						<line number="134" hits="0"/>
						<line number="135" hits="0"/>
						<line number="136" hits="0"/>
						<line number="138" hits="0"/>
					</lines>
				</class>
			</classes>
		</package>
		<package name="src.geh_settlement_report.entry_points.tasks" line-rate="0.1096" branch-rate="0" complexity="0">
			<classes>
				<class name="__init__.py" filename="src/geh_settlement_report/entry_points/tasks/__init__.py" complexity="0" line-rate="1" branch-rate="0">
					<methods/>
					<lines/>
				</class>
				<class name="charge_link_periods_task.py" filename="src/geh_settlement_report/entry_points/tasks/charge_link_periods_task.py" complexity="0" line-rate="0.1" branch-rate="0">
					<methods/>
					<lines>
						<line number="1" hits="1"/>
						<line number="3" hits="1"/>
						<line number="4" hits="0"/>
						<line number="6" hits="0"/>
						<line number="9" hits="0"/>
						<line number="12" hits="0"/>
						<line number="13" hits="0"/>
						<line number="16" hits="0"/>
						<line number="19" hits="0"/>
						<line number="20" hits="0"/>
						<line number="23" hits="0"/>
						<line number="24" hits="0"/>
						<line number="25" hits="0"/>
						<line number="27" hits="0"/>
						<line number="28" hits="0"/>
						<line number="32" hits="0"/>
						<line number="33" hits="0"/>
						<line number="35" hits="0"/>
						<line number="36" hits="0"/>
						<line number="38" hits="0"/>
					</lines>
				</class>
				<class name="charge_price_points_task.py" filename="src/geh_settlement_report/entry_points/tasks/charge_price_points_task.py" complexity="0" line-rate="0.1" branch-rate="0">
					<methods/>
					<lines>
						<line number="1" hits="1"/>
						<line number="3" hits="1"/>
						<line number="4" hits="0"/>
						<line number="6" hits="0"/>
						<line number="9" hits="0"/>
						<line number="12" hits="0"/>
						<line number="13" hits="0"/>
						<line number="16" hits="0"/>
						<line number="19" hits="0"/>
						<line number="20" hits="0"/>
						<line number="23" hits="0"/>
						<line number="24" hits="0"/>
						<line number="25" hits="0"/>
						<line number="27" hits="0"/>
						<line number="28" hits="0"/>
						<line number="32" hits="0"/>
						<line number="33" hits="0"/>
						<line number="35" hits="0"/>
						<line number="36" hits="0"/>
						<line number="38" hits="0"/>
					</lines>
				</class>
				<class name="energy_resuls_task.py" filename="src/geh_settlement_report/entry_points/tasks/energy_resuls_task.py" complexity="0" line-rate="0.09524" branch-rate="0">
					<methods/>
					<lines>
						<line number="1" hits="1"/>
						<line number="3" hits="1"/>
						<line number="4" hits="0"/>
						<line number="6" hits="0"/>
						<line number="9" hits="0"/>
						<line number="12" hits="0"/>
						<line number="13" hits="0"/>
						<line number="14" hits="0"/>
						<line number="17" hits="0"/>
						<line number="18" hits="0"/>
						<line number="19" hits="0"/>
						<line number="22" hits="0"/>
						<line number="23" hits="0"/>
						<line number="24" hits="0"/>
						<line number="26" hits="0"/>
						<line number="27" hits="0"/>
						<line number="31" hits="0"/>
						<line number="32" hits="0"/>
						<line number="34" hits="0"/>
						<line number="35" hits="0"/>
						<line number="37" hits="0"/>
					</lines>
				</class>
				<class name="metering_point_periods_task.py" filename="src/geh_settlement_report/entry_points/tasks/metering_point_periods_task.py" complexity="0" line-rate="0.1" branch-rate="0">
					<methods/>
					<lines>
						<line number="1" hits="1"/>
						<line number="3" hits="1"/>
						<line number="4" hits="0"/>
						<line number="6" hits="0"/>
						<line number="9" hits="0"/>
						<line number="12" hits="0"/>
						<line number="13" hits="0"/>
						<line number="16" hits="0"/>
						<line number="19" hits="0"/>
						<line number="20" hits="0"/>
						<line number="23" hits="0"/>
						<line number="24" hits="0"/>
						<line number="25" hits="0"/>
						<line number="27" hits="0"/>
						<line number="28" hits="0"/>
						<line number="32" hits="0"/>
						<line number="33" hits="0"/>
						<line number="35" hits="0"/>
						<line number="36" hits="0"/>
						<line number="38" hits="0"/>
					</lines>
				</class>
				<class name="monthly_amounts_task.py" filename="src/geh_settlement_report/entry_points/tasks/monthly_amounts_task.py" complexity="0" line-rate="0.1111" branch-rate="0">
					<methods/>
					<lines>
						<line number="1" hits="1"/>
						<line number="3" hits="1"/>
						<line number="4" hits="0"/>
						<line number="6" hits="0"/>
						<line number="9" hits="0"/>
						<line number="12" hits="0"/>
						<line number="13" hits="0"/>
						<line number="16" hits="0"/>
						<line number="17" hits="0"/>
						<line number="18" hits="0"/>
						<line number="21" hits="0"/>
						<line number="22" hits="0"/>
						<line number="23" hits="0"/>
						<line number="25" hits="0"/>
						<line number="26" hits="0"/>
						<line number="30" hits="0"/>
						<line number="31" hits="0"/>
						<line number="33" hits="0"/>
					</lines>
				</class>
				<class name="task_base.py" filename="src/geh_settlement_report/entry_points/tasks/task_base.py" complexity="0" line-rate="0" branch-rate="0">
					<methods/>
					<lines>
						<line number="1" hits="0"/>
						<line number="2" hits="0"/>
						<line number="4" hits="0"/>
						<line number="5" hits="0"/>
						<line number="7" hits="0"/>
						<line number="12" hits="0"/>
						<line number="13" hits="0"/>
						<line number="14" hits="0"/>
						<line number="15" hits="0"/>
						<line number="16" hits="0"/>
						<line number="17" hits="0"/>
						<line number="19" hits="0"/>
						<line number="20" hits="0"/>
						<line number="21" hits="0"/>
					</lines>
				</class>
				<class name="task_factory.py" filename="src/geh_settlement_report/entry_points/tasks/task_factory.py" complexity="0" line-rate="0" branch-rate="0">
					<methods/>
					<lines>
						<line number="1" hits="0"/>
						<line number="3" hits="0"/>
						<line number="6" hits="0"/>
						<line number="9" hits="0"/>
						<line number="12" hits="0"/>
						<line number="15" hits="0"/>
						<line number="18" hits="0"/>
						<line number="21" hits="0"/>
						<line number="24" hits="0"/>
						<line number="25" hits="0"/>
						<line number="28" hits="0"/>
						<line number="31" hits="0"/>
						<line number="32" hits="0"/>
						<line number="35" hits="0"/>
						<line number="40" hits="0"/>
						<line number="41" hits="0"/>
						<line number="42" hits="0"/>
						<line number="43" hits="0"/>
						<line number="44" hits="0"/>
						<line number="50" hits="0"/>
						<line number="51" hits="0"/>
						<line number="52" hits="0"/>
						<line number="53" hits="0"/>
						<line number="54" hits="0"/>
						<line number="55" hits="0"/>
						<line number="56" hits="0"/>
						<line number="57" hits="0"/>
						<line number="58" hits="0"/>
						<line number="59" hits="0"/>
						<line number="60" hits="0"/>
						<line number="61" hits="0"/>
						<line number="62" hits="0"/>
						<line number="63" hits="0"/>
						<line number="65" hits="0"/>
					</lines>
				</class>
				<class name="task_type.py" filename="src/geh_settlement_report/entry_points/tasks/task_type.py" complexity="0" line-rate="1" branch-rate="0">
					<methods/>
					<lines>
						<line number="15" hits="1"/>
						<line number="18" hits="1"/>
						<line number="23" hits="1"/>
						<line number="24" hits="1"/>
						<line number="25" hits="1"/>
						<line number="26" hits="1"/>
						<line number="27" hits="1"/>
						<line number="28" hits="1"/>
						<line number="29" hits="1"/>
						<line number="30" hits="1"/>
						<line number="31" hits="1"/>
					</lines>
				</class>
				<class name="time_series_points_task.py" filename="src/geh_settlement_report/entry_points/tasks/time_series_points_task.py" complexity="0" line-rate="0.06061" branch-rate="0">
					<methods/>
					<lines>
						<line number="1" hits="1"/>
						<line number="3" hits="1"/>
						<line number="4" hits="0"/>
						<line number="6" hits="0"/>
						<line number="9" hits="0"/>
						<line number="13" hits="0"/>
						<line number="14" hits="0"/>
						<line number="15" hits="0"/>
						<line number="18" hits="0"/>
						<line number="19" hits="0"/>
						<line number="20" hits="0"/>
						<line number="21" hits="0"/>
						<line number="22" hits="0"/>
						<line number="27" hits="0"/>
						<line number="28" hits="0"/>
						<line number="35" hits="0"/>
						<line number="36" hits="0"/>
						<line number="38" hits="0"/>
						<line number="39" hits="0"/>
						<line number="45" hits="0"/>
						<line number="46" hits="0"/>
						<line number="48" hits="0"/>
						<line number="49" hits="0"/>
						<line number="50" hits="0"/>
						<line number="51" hits="0"/>
						<line number="52" hits="0"/>
						<line number="53" hits="0"/>
						<line number="55" hits="0"/>
						<line number="57" hits="0"/>
						<line number="58" hits="0"/>
						<line number="59" hits="0"/>
						<line number="70" hits="0"/>
						<line number="82" hits="0"/>
					</lines>
				</class>
				<class name="wholesale_results_task.py" filename="src/geh_settlement_report/entry_points/tasks/wholesale_results_task.py" complexity="0" line-rate="0.1111" branch-rate="0">
					<methods/>
					<lines>
						<line number="1" hits="1"/>
						<line number="3" hits="1"/>
						<line number="4" hits="0"/>
						<line number="6" hits="0"/>
						<line number="7" hits="0"/>
						<line number="10" hits="0"/>
						<line number="13" hits="0"/>
						<line number="16" hits="0"/>
						<line number="17" hits="0"/>
						<line number="18" hits="0"/>
						<line number="21" hits="0"/>
						<line number="22" hits="0"/>
						<line number="23" hits="0"/>
						<line number="25" hits="0"/>
						<line number="26" hits="0"/>
						<line number="30" hits="0"/>
						<line number="31" hits="0"/>
						<line number="33" hits="0"/>
					</lines>
				</class>
				<class name="zip_task.py" filename="src/geh_settlement_report/entry_points/tasks/zip_task.py" complexity="0" line-rate="0" branch-rate="0">
					<methods/>
					<lines>
						<line number="1" hits="0"/>
						<line number="3" hits="0"/>
						<line number="4" hits="0"/>
						<line number="6" hits="0"/>
						<line number="9" hits="0"/>
						<line number="10" hits="0"/>
						<line number="11" hits="0"/>
						<line number="14" hits="0"/>
						<line number="15" hits="0"/>
						<line number="16" hits="0"/>
						<line number="18" hits="0"/>
						<line number="19" hits="0"/>
						<line number="23" hits="0"/>
						<line number="24" hits="0"/>
						<line number="28" hits="0"/>
						<line number="29" hits="0"/>
						<line number="30" hits="0"/>
						<line number="31" hits="0"/>
						<line number="32" hits="0"/>
					</lines>
				</class>
			</classes>
		</package>
		<package name="src.geh_settlement_report.entry_points.utils" line-rate="0.3333" branch-rate="0" complexity="0">
			<classes>
				<class name="__init__.py" filename="src/geh_settlement_report/entry_points/utils/__init__.py" complexity="0" line-rate="1" branch-rate="0">
					<methods/>
					<lines/>
				</class>
				<class name="get_dbutils.py" filename="src/geh_settlement_report/entry_points/utils/get_dbutils.py" complexity="0" line-rate="0.3333" branch-rate="0">
					<methods/>
					<lines>
						<line number="15" hits="1"/>
						<line number="16" hits="1"/>
						<line number="19" hits="1"/>
						<line number="28" hits="0"/>
						<line number="29" hits="0"/>
						<line number="31" hits="0"/>
						<line number="32" hits="0"/>
						<line number="33" hits="0"/>
						<line number="36" hits="0"/>
					</lines>
				</class>
			</classes>
		</package>
		<package name="src.geh_settlement_report.infrastructure" line-rate="0.08824" branch-rate="0" complexity="0">
			<classes>
				<class name="__init__.py" filename="src/geh_settlement_report/infrastructure/__init__.py" complexity="0" line-rate="1" branch-rate="0">
					<methods/>
					<lines/>
				</class>
				<class name="create_zip_file.py" filename="src/geh_settlement_report/infrastructure/create_zip_file.py" complexity="0" line-rate="0.2" branch-rate="0">
					<methods/>
					<lines>
						<line number="15" hits="1"/>
						<line number="17" hits="1"/>
						<line number="18" hits="1"/>
						<line number="21" hits="0"/>
						<line number="22" hits="0"/>
						<line number="41" hits="0"/>
						<line number="42" hits="0"/>
						<line number="43" hits="0"/>
						<line number="44" hits="0"/>
						<line number="46" hits="0"/>
						<line number="47" hits="0"/>
						<line number="48" hits="0"/>
						<line number="49" hits="0"/>
						<line number="50" hits="0"/>
						<line number="51" hits="0"/>
					</lines>
				</class>
				<class name="csv_writer.py" filename="src/geh_settlement_report/infrastructure/csv_writer.py" complexity="0" line-rate="0" branch-rate="0">
					<methods/>
					<lines>
						<line number="14" hits="0"/>
						<line number="15" hits="0"/>
						<line number="16" hits="0"/>
						<line number="17" hits="0"/>
						<line number="18" hits="0"/>
						<line number="20" hits="0"/>
						<line number="21" hits="0"/>
						<line number="22" hits="0"/>
						<line number="24" hits="0"/>
						<line number="25" hits="0"/>
						<line number="26" hits="0"/>
						<line number="29" hits="0"/>
						<line number="30" hits="0"/>
						<line number="32" hits="0"/>
						<line number="35" hits="0"/>
						<line number="36" hits="0"/>
						<line number="37" hits="0"/>
						<line number="38" hits="0"/>
						<line number="39" hits="0"/>
						<line number="42" hits="0"/>
						<line number="43" hits="0"/>
						<line number="51" hits="0"/>
						<line number="52" hits="0"/>
						<line number="54" hits="0"/>
						<line number="55" hits="0"/>
						<line number="56" hits="0"/>
						<line number="58" hits="0"/>
						<line number="59" hits="0"/>
						<line number="61" hits="0"/>
						<line number="69" hits="0"/>
						<line number="70" hits="0"/>
						<line number="76" hits="0"/>
						<line number="82" hits="0"/>
						<line number="84" hits="0"/>
						<line number="87" hits="0"/>
						<line number="88" hits="0"/>
						<line number="89" hits="0"/>
						<line number="90" hits="0"/>
						<line number="91" hits="0"/>
						<line number="92" hits="0"/>
						<line number="93" hits="0"/>
						<line number="94" hits="0"/>
						<line number="95" hits="0"/>
						<line number="96" hits="0"/>
						<line number="97" hits="0"/>
						<line number="98" hits="0"/>
						<line number="99" hits="0"/>
						<line number="100" hits="0"/>
						<line number="101" hits="0"/>
						<line number="102" hits="0"/>
						<line number="103" hits="0"/>
						<line number="105" hits="0"/>
						<line number="108" hits="0"/>
						<line number="109" hits="0"/>
						<line number="128" hits="0"/>
						<line number="129" hits="0"/>
						<line number="130" hits="0"/>
						<line number="131" hits="0"/>
						<line number="132" hits="0"/>
						<line number="134" hits="0"/>
						<line number="135" hits="0"/>
						<line number="137" hits="0"/>
						<line number="139" hits="0"/>
						<line number="140" hits="0"/>
						<line number="142" hits="0"/>
						<line number="144" hits="0"/>
						<line number="147" hits="0"/>
						<line number="148" hits="0"/>
						<line number="166" hits="0"/>
						<line number="168" hits="0"/>
						<line number="170" hits="0"/>
						<line number="171" hits="0"/>
						<line number="173" hits="0"/>
						<line number="174" hits="0"/>
						<line number="178" hits="0"/>
						<line number="179" hits="0"/>
						<line number="180" hits="0"/>
						<line number="182" hits="0"/>
						<line number="185" hits="0"/>
						<line number="188" hits="0"/>
						<line number="190" hits="0"/>
						<line number="192" hits="0"/>
						<line number="193" hits="0"/>
						<line number="195" hits="0"/>
						<line number="196" hits="0"/>
						<line number="197" hits="0"/>
						<line number="199" hits="0"/>
						<line number="200" hits="0"/>
						<line number="202" hits="0"/>
						<line number="203" hits="0"/>
						<line number="204" hits="0"/>
						<line number="205" hits="0"/>
						<line number="207" hits="0"/>
						<line number="208" hits="0"/>
						<line number="210" hits="0"/>
						<line number="211" hits="0"/>
						<line number="212" hits="0"/>
						<line number="214" hits="0"/>
						<line number="216" hits="0"/>
						<line number="217" hits="0"/>
						<line number="218" hits="0"/>
						<line number="220" hits="0"/>
						<line number="222" hits="0"/>
						<line number="224" hits="0"/>
						<line number="227" hits="0"/>
						<line number="228" hits="0"/>
						<line number="240" hits="0"/>
						<line number="241" hits="0"/>
						<line number="242" hits="0"/>
						<line number="243" hits="0"/>
						<line number="244" hits="0"/>
						<line number="245" hits="0"/>
						<line number="247" hits="0"/>
						<line number="248" hits="0"/>
						<line number="249" hits="0"/>
						<line number="250" hits="0"/>
						<line number="252" hits="0"/>
						<line number="253" hits="0"/>
						<line number="254" hits="0"/>
						<line number="256" hits="0"/>
						<line number="259" hits="0"/>
						<line number="260" hits="0"/>
					</lines>
				</class>
				<class name="paths.py" filename="src/geh_settlement_report/infrastructure/paths.py" complexity="0" line-rate="0" branch-rate="0">
					<methods/>
					<lines>
						<line number="1" hits="0"/>
						<line number="6" hits="0"/>
						<line number="7" hits="0"/>
						<line number="10" hits="0"/>
						<line number="11" hits="0"/>
					</lines>
				</class>
				<class name="report_name_factory.py" filename="src/geh_settlement_report/infrastructure/report_name_factory.py" complexity="0" line-rate="0.3" branch-rate="0">
					<methods/>
					<lines>
						<line number="1" hits="1"/>
						<line number="2" hits="1"/>
						<line number="4" hits="1"/>
						<line number="5" hits="1"/>
						<line number="6" hits="1"/>
						<line number="11" hits="1"/>
						<line number="17" hits="1"/>
						<line number="18" hits="1"/>
						<line number="21" hits="1"/>
						<line number="22" hits="1"/>
						<line number="23" hits="0"/>
						<line number="24" hits="0"/>
						<line number="26" hits="1"/>
						<line number="31" hits="0"/>
						<line number="38" hits="0"/>
						<line number="39" hits="0"/>
						<line number="44" hits="0"/>
						<line number="48" hits="1"/>
						<line number="53" hits="0"/>
						<line number="63" hits="0"/>
						<line number="65" hits="0"/>
						<line number="67" hits="1"/>
						<line number="72" hits="0"/>
						<line number="82" hits="0"/>
						<line number="84" hits="0"/>
						<line number="86" hits="1"/>
						<line number="87" hits="0"/>
						<line number="88" hits="0"/>
						<line number="90" hits="1"/>
						<line number="91" hits="0"/>
						<line number="92" hits="0"/>
						<line number="94" hits="1"/>
						<line number="95" hits="0"/>
						<line number="96" hits="0"/>
						<line number="97" hits="0"/>
						<line number="98" hits="0"/>
						<line number="99" hits="0"/>
						<line number="100" hits="0"/>
						<line number="101" hits="0"/>
						<line number="102" hits="0"/>
						<line number="103" hits="0"/>
						<line number="104" hits="0"/>
						<line number="105" hits="0"/>
						<line number="106" hits="0"/>
						<line number="107" hits="0"/>
						<line number="108" hits="0"/>
						<line number="109" hits="0"/>
						<line number="110" hits="0"/>
						<line number="113" hits="1"/>
						<line number="114" hits="0"/>
						<line number="118" hits="0"/>
						<line number="119" hits="0"/>
						<line number="120" hits="0"/>
						<line number="121" hits="0"/>
						<line number="123" hits="1"/>
						<line number="124" hits="0"/>
						<line number="125" hits="0"/>
						<line number="126" hits="0"/>
						<line number="127" hits="0"/>
						<line number="129" hits="0"/>
					</lines>
				</class>
				<class name="repository.py" filename="src/geh_settlement_report/infrastructure/repository.py" complexity="0" line-rate="0" branch-rate="0">
					<methods/>
					<lines>
						<line number="14" hits="0"/>
						<line number="16" hits="0"/>
						<line number="22" hits="0"/>
						<line number="23" hits="0"/>
						<line number="28" hits="0"/>
						<line number="29" hits="0"/>
						<line number="31" hits="0"/>
						<line number="32" hits="0"/>
						<line number="37" hits="0"/>
						<line number="38" hits="0"/>
						<line number="43" hits="0"/>
						<line number="44" hits="0"/>
						<line number="49" hits="0"/>
						<line number="50" hits="0"/>
						<line number="55" hits="0"/>
						<line number="56" hits="0"/>
						<line number="61" hits="0"/>
						<line number="62" hits="0"/>
						<line number="67" hits="0"/>
						<line number="68" hits="0"/>
						<line number="73" hits="0"/>
						<line number="74" hits="0"/>
						<line number="79" hits="0"/>
						<line number="80" hits="0"/>
						<line number="85" hits="0"/>
						<line number="86" hits="0"/>
						<line number="91" hits="0"/>
						<line number="92" hits="0"/>
						<line number="97" hits="0"/>
						<line number="102" hits="0"/>
						<line number="103" hits="0"/>
					</lines>
				</class>
				<class name="spark_initializor.py" filename="src/geh_settlement_report/infrastructure/spark_initializor.py" complexity="0" line-rate="0" branch-rate="0">
					<methods/>
					<lines>
						<line number="15" hits="0"/>
						<line number="16" hits="0"/>
						<line number="19" hits="0"/>
						<line number="21" hits="0"/>
						<line number="26" hits="0"/>
					</lines>
				</class>
			</classes>
		</package>
		<package name="src.geh_settlement_report.infrastructure.wholesale" line-rate="1" branch-rate="0" complexity="0">
			<classes>
				<class name="__init__.py" filename="src/geh_settlement_report/infrastructure/wholesale/__init__.py" complexity="0" line-rate="1" branch-rate="0">
					<methods/>
					<lines/>
				</class>
				<class name="column_names.py" filename="src/geh_settlement_report/infrastructure/wholesale/column_names.py" complexity="0" line-rate="1" branch-rate="0">
					<methods/>
					<lines>
						<line number="1" hits="1"/>
						<line number="2" hits="1"/>
						<line number="3" hits="1"/>
						<line number="4" hits="1"/>
						<line number="5" hits="1"/>
						<line number="6" hits="1"/>
						<line number="7" hits="1"/>
						<line number="8" hits="1"/>
						<line number="9" hits="1"/>
						<line number="10" hits="1"/>
						<line number="11" hits="1"/>
						<line number="12" hits="1"/>
						<line number="13" hits="1"/>
						<line number="14" hits="1"/>
						<line number="15" hits="1"/>
						<line number="16" hits="1"/>
						<line number="17" hits="1"/>
						<line number="18" hits="1"/>
						<line number="19" hits="1"/>
						<line number="20" hits="1"/>
						<line number="21" hits="1"/>
						<line number="22" hits="1"/>
						<line number="23" hits="1"/>
						<line number="24" hits="1"/>
						<line number="25" hits="1"/>
						<line number="26" hits="1"/>
						<line number="27" hits="1"/>
						<line number="28" hits="1"/>
						<line number="29" hits="1"/>
						<line number="30" hits="1"/>
						<line number="31" hits="1"/>
						<line number="32" hits="1"/>
						<line number="33" hits="1"/>
						<line number="34" hits="1"/>
						<line number="35" hits="1"/>
					</lines>
				</class>
				<class name="database_definitions.py" filename="src/geh_settlement_report/infrastructure/wholesale/database_definitions.py" complexity="0" line-rate="1" branch-rate="0">
					<methods/>
					<lines>
						<line number="16" hits="1"/>
						<line number="17" hits="1"/>
						<line number="18" hits="1"/>
						<line number="19" hits="1"/>
						<line number="20" hits="1"/>
						<line number="21" hits="1"/>
						<line number="22" hits="1"/>
						<line number="25" hits="1"/>
						<line number="26" hits="1"/>
						<line number="27" hits="1"/>
						<line number="28" hits="1"/>
						<line number="29" hits="1"/>
						<line number="30" hits="1"/>
						<line number="31" hits="1"/>
						<line number="32" hits="1"/>
					</lines>
				</class>
			</classes>
		</package>
		<package name="src.geh_settlement_report.infrastructure.wholesale.data_values" line-rate="1" branch-rate="0" complexity="0">
			<classes>
				<class name="__init__.py" filename="src/geh_settlement_report/infrastructure/wholesale/data_values/__init__.py" complexity="0" line-rate="1" branch-rate="0">
					<methods/>
					<lines>
						<line number="1" hits="1"/>
						<line number="2" hits="1"/>
						<line number="3" hits="1"/>
						<line number="4" hits="1"/>
						<line number="5" hits="1"/>
						<line number="6" hits="1"/>
					</lines>
				</class>
				<class name="calculation_type.py" filename="src/geh_settlement_report/infrastructure/wholesale/data_values/calculation_type.py" complexity="0" line-rate="1" branch-rate="0">
					<methods/>
					<lines>
						<line number="1" hits="1"/>
						<line number="4" hits="1"/>
						<line number="5" hits="1"/>
						<line number="6" hits="1"/>
						<line number="7" hits="1"/>
						<line number="8" hits="1"/>
						<line number="9" hits="1"/>
						<line number="10" hits="1"/>
					</lines>
				</class>
				<class name="charge_resolution.py" filename="src/geh_settlement_report/infrastructure/wholesale/data_values/charge_resolution.py" complexity="0" line-rate="1" branch-rate="0">
					<methods/>
					<lines>
						<line number="14" hits="1"/>
						<line number="17" hits="1"/>
						<line number="22" hits="1"/>
						<line number="23" hits="1"/>
						<line number="24" hits="1"/>
					</lines>
				</class>
				<class name="charge_type.py" filename="src/geh_settlement_report/infrastructure/wholesale/data_values/charge_type.py" complexity="0" line-rate="1" branch-rate="0">
					<methods/>
					<lines>
						<line number="14" hits="1"/>
						<line number="17" hits="1"/>
						<line number="22" hits="1"/>
						<line number="23" hits="1"/>
						<line number="24" hits="1"/>
					</lines>
				</class>
				<class name="metering_point_resolution.py" filename="src/geh_settlement_report/infrastructure/wholesale/data_values/metering_point_resolution.py" complexity="0" line-rate="1" branch-rate="0">
					<methods/>
					<lines>
						<line number="14" hits="1"/>
						<line number="17" hits="1"/>
						<line number="20" hits="1"/>
						<line number="21" hits="1"/>
					</lines>
				</class>
				<class name="metering_point_type.py" filename="src/geh_settlement_report/infrastructure/wholesale/data_values/metering_point_type.py" complexity="0" line-rate="1" branch-rate="0">
					<methods/>
					<lines>
						<line number="14" hits="1"/>
						<line number="17" hits="1"/>
						<line number="18" hits="1"/>
						<line number="19" hits="1"/>
						<line number="20" hits="1"/>
						<line number="22" hits="1"/>
						<line number="23" hits="1"/>
						<line number="24" hits="1"/>
						<line number="25" hits="1"/>
						<line number="26" hits="1"/>
						<line number="27" hits="1"/>
						<line number="28" hits="1"/>
						<line number="29" hits="1"/>
						<line number="30" hits="1"/>
						<line number="31" hits="1"/>
						<line number="32" hits="1"/>
						<line number="33" hits="1"/>
					</lines>
				</class>
				<class name="settlement_method.py" filename="src/geh_settlement_report/infrastructure/wholesale/data_values/settlement_method.py" complexity="0" line-rate="1" branch-rate="0">
					<methods/>
					<lines>
						<line number="14" hits="1"/>
						<line number="17" hits="1"/>
						<line number="18" hits="1"/>
						<line number="19" hits="1"/>
					</lines>
				</class>
			</classes>
		</package>
		<package name="src.geh_settlement_report.infrastructure.wholesale.schemas" line-rate="1" branch-rate="0" complexity="0">
			<classes>
				<class name="__init__.py" filename="src/geh_settlement_report/infrastructure/wholesale/schemas/__init__.py" complexity="0" line-rate="1" branch-rate="0">
					<methods/>
					<lines>
						<line number="1" hits="1"/>
						<line number="2" hits="1"/>
						<line number="3" hits="1"/>
						<line number="4" hits="1"/>
						<line number="5" hits="1"/>
						<line number="6" hits="1"/>
					</lines>
				</class>
				<class name="amounts_per_charge_v1.py" filename="src/geh_settlement_report/infrastructure/wholesale/schemas/amounts_per_charge_v1.py" complexity="0" line-rate="1" branch-rate="0">
					<methods/>
					<lines>
						<line number="1" hits="1"/>
						<line number="3" hits="1"/>
						<line number="5" hits="1"/>
					</lines>
				</class>
				<class name="charge_link_periods_v1.py" filename="src/geh_settlement_report/infrastructure/wholesale/schemas/charge_link_periods_v1.py" complexity="0" line-rate="1" branch-rate="0">
					<methods/>
					<lines>
						<line number="1" hits="1"/>
						<line number="3" hits="1"/>
						<line number="5" hits="1"/>
					</lines>
				</class>
				<class name="charge_price_information_periods_v1.py" filename="src/geh_settlement_report/infrastructure/wholesale/schemas/charge_price_information_periods_v1.py" complexity="0" line-rate="1" branch-rate="0">
					<methods/>
					<lines>
						<line number="1" hits="1"/>
						<line number="3" hits="1"/>
						<line number="5" hits="1"/>
					</lines>
				</class>
				<class name="charge_price_points_v1.py" filename="src/geh_settlement_report/infrastructure/wholesale/schemas/charge_price_points_v1.py" complexity="0" line-rate="1" branch-rate="0">
					<methods/>
					<lines>
						<line number="1" hits="1"/>
						<line number="3" hits="1"/>
						<line number="5" hits="1"/>
					</lines>
				</class>
				<class name="energy_per_es_v1.py" filename="src/geh_settlement_report/infrastructure/wholesale/schemas/energy_per_es_v1.py" complexity="0" line-rate="1" branch-rate="0">
					<methods/>
					<lines>
						<line number="1" hits="1"/>
						<line number="3" hits="1"/>
						<line number="5" hits="1"/>
					</lines>
				</class>
				<class name="energy_v1.py" filename="src/geh_settlement_report/infrastructure/wholesale/schemas/energy_v1.py" complexity="0" line-rate="1" branch-rate="0">
					<methods/>
					<lines>
						<line number="1" hits="1"/>
						<line number="3" hits="1"/>
						<line number="5" hits="1"/>
					</lines>
				</class>
				<class name="latest_calculations_by_day_v1.py" filename="src/geh_settlement_report/infrastructure/wholesale/schemas/latest_calculations_by_day_v1.py" complexity="0" line-rate="1" branch-rate="0">
					<methods/>
					<lines>
						<line number="1" hits="1"/>
						<line number="3" hits="1"/>
						<line number="5" hits="1"/>
					</lines>
				</class>
				<class name="metering_point_periods_v1.py" filename="src/geh_settlement_report/infrastructure/wholesale/schemas/metering_point_periods_v1.py" complexity="0" line-rate="1" branch-rate="0">
					<methods/>
					<lines>
						<line number="1" hits="1"/>
						<line number="3" hits="1"/>
						<line number="5" hits="1"/>
					</lines>
				</class>
				<class name="metering_point_time_series_v1.py" filename="src/geh_settlement_report/infrastructure/wholesale/schemas/metering_point_time_series_v1.py" complexity="0" line-rate="1" branch-rate="0">
					<methods/>
					<lines>
						<line number="1" hits="1"/>
						<line number="3" hits="1"/>
						<line number="6" hits="1"/>
					</lines>
				</class>
				<class name="monthly_amounts_per_charge_v1.py" filename="src/geh_settlement_report/infrastructure/wholesale/schemas/monthly_amounts_per_charge_v1.py" complexity="0" line-rate="1" branch-rate="0">
					<methods/>
					<lines>
						<line number="1" hits="1"/>
						<line number="3" hits="1"/>
						<line number="5" hits="1"/>
					</lines>
				</class>
				<class name="total_monthly_amounts_v1.py" filename="src/geh_settlement_report/infrastructure/wholesale/schemas/total_monthly_amounts_v1.py" complexity="0" line-rate="1" branch-rate="0">
					<methods/>
					<lines>
						<line number="1" hits="1"/>
						<line number="3" hits="1"/>
						<line number="5" hits="1"/>
					</lines>
				</class>
			</classes>
		</package>
	</packages>
</coverage>
